     1  0000:                   ORG     0000H
     2  0000: 02 01 00          LJMP    MAIN
     3                  
     4  0100:                   ORG     0100H
     5                  
     6        0030      FIRST_DIGIT     EQU     30H ;equ makes constant 
     7        0031      SECOND_DIGIT    EQU     31H
     8        0032      SUM             EQU     32H
     9                  
    10  0100:           MAIN:
    11  0100: 12 81 0C          LCALL   LCD_CLR
    12                  
    13                          ; read first digit
    14  0103: 12 81 1C          LCALL   WAIT_KEY
    15  0106: F5 30             MOV     FIRST_DIGIT, A
    16  0108: 12 81 02          LCALL   WRITE_DATA
    17                  
    18                          ; print '+'
    19  010B: 74 2B             MOV     A, #'+'
    20  010D: 12 81 02          LCALL   WRITE_DATA
    21                  
    22                          ; read second digit
    23  0110: 12 81 1C          LCALL   WAIT_KEY
    24  0113: F5 31             MOV     SECOND_DIGIT, A
    25  0115: 12 81 02          LCALL   WRITE_DATA
    26                  
    27                          ; ASCII -> number (first)
    28  0118: E5 30             MOV     A, FIRST_DIGIT
    29  011A: C3                CLR     C
    30  011B: 94 30             SUBB    A, #'0'
    31  011D: F8                MOV     R0, A
    32                  
    33                          ; ASCII -> number (second)
    34  011E: E5 31             MOV     A, SECOND_DIGIT
    35  0120: C3                CLR     C
    36  0121: 94 30             SUBB    A, #'0'
    37                  
    38                          ; add
    39  0123: 28                ADD     A, R0
    40                  
    41                          ; number -> ASCII
    42  0124: 24 30             ADD     A, #'0'
    43  0126: F5 32             MOV     SUM, A
    44                  
    45                          ; '=' and result
    46  0128: 74 3D             MOV     A, #'='
    47  012A: 12 81 02          LCALL   WRITE_DATA
    48  012D: E5 32             MOV     A, SUM
    49  012F: 12 81 02          LCALL   WRITE_DATA
    50                  
    51  0132:           HERE:
    52  0132: 80 FE             SJMP    HERE
    53                  
    54                    
